<?xml version="1.0" encoding="UTF-8"?>
<!-- Generated by org.testng.reporters.JUnitXMLReporter -->
<testsuite ignored="3" hostname="LAPTOP-INOVJLH7" failures="1" tests="4" name="FreeCRM App Test Cases" time="100.245" errors="0" timestamp="2022-09-09T01:18:52 EET">
  <testcase classname="com.app.qa.tests.ContactsPageTest" name="CreateNewContactTest_HardCodedData" time="12.064">
    <skipped/>
  </testcase> <!-- CreateNewContactTest_HardCodedData -->
  <testcase classname="com.app.qa.tests.ContactsPageTest" name="CreateNewContactTest_HardCodedData" time="12.014">
    <skipped/>
  </testcase> <!-- CreateNewContactTest_HardCodedData -->
  <testcase classname="com.app.qa.tests.ContactsPageTest" name="CreateNewContactTest_HardCodedData" time="11.893">
    <skipped/>
  </testcase> <!-- CreateNewContactTest_HardCodedData -->
  <testcase classname="com.app.qa.tests.ContactsPageTest" name="CreateNewContactTest_HardCodedData" time="11.898">
    <failure type="org.openqa.selenium.NoSuchElementException" message="no such element: Unable to locate element: {&amp;quot;method&amp;quot;:&amp;quot;css selector&amp;quot;,&amp;quot;selector&amp;quot;:&amp;quot;#surname111&amp;quot;}
  (Session info: chrome=104.0.5112.102)
For documentation on this error, please visit: https://selenium.dev/exceptions/#no_such_element
Build info: version: &amp;apos;4.4.0&amp;apos;, revision: &amp;apos;e5c75ed026a&amp;apos;
System info: host: &amp;apos;LAPTOP-INOVJLH7&amp;apos;, ip: &amp;apos;192.168.1.36&amp;apos;, os.name: &amp;apos;Windows 10&amp;apos;, os.arch: &amp;apos;amd64&amp;apos;, os.version: &amp;apos;10.0&amp;apos;, java.version: &amp;apos;11.0.15.1&amp;apos;
Driver info: org.openqa.selenium.chrome.ChromeDriver
Command: [a51c1882e808c9ff64387ed9bf19847d, findElement {using=id, value=surname111}]
Capabilities {acceptInsecureCerts: false, browserName: chrome, browserVersion: 104.0.5112.102, chrome: {chromedriverVersion: 104.0.5112.79 (3cf3e8c8a07d..., userDataDir: C:\Users\samsung\AppData\Lo...}, goog:chromeOptions: {debuggerAddress: localhost:62099}, networkConnectionEnabled: false, pageLoadStrategy: normal, platformName: WINDOWS, proxy: Proxy(), se:cdp: ws://localhost:62099/devtoo..., se:cdpVersion: 104.0.5112.102, setWindowRect: true, strictFileInteractability: false, timeouts: {implicit: 0, pageLoad: 300000, script: 30000}, unhandledPromptBehavior: dismiss and notify, webauthn:extension:credBlob: true, webauthn:extension:largeBlob: true, webauthn:virtualAuthenticators: true}
Session ID: a51c1882e808c9ff64387ed9bf19847d">
      <![CDATA[org.openqa.selenium.NoSuchElementException: no such element: Unable to locate element: {"method":"css selector","selector":"#surname111"}
  (Session info: chrome=104.0.5112.102)
For documentation on this error, please visit: https://selenium.dev/exceptions/#no_such_element
Build info: version: '4.4.0', revision: 'e5c75ed026a'
System info: host: 'LAPTOP-INOVJLH7', ip: '192.168.1.36', os.name: 'Windows 10', os.arch: 'amd64', os.version: '10.0', java.version: '11.0.15.1'
Driver info: org.openqa.selenium.chrome.ChromeDriver
Command: [a51c1882e808c9ff64387ed9bf19847d, findElement {using=id, value=surname111}]
Capabilities {acceptInsecureCerts: false, browserName: chrome, browserVersion: 104.0.5112.102, chrome: {chromedriverVersion: 104.0.5112.79 (3cf3e8c8a07d..., userDataDir: C:\Users\samsung\AppData\Lo...}, goog:chromeOptions: {debuggerAddress: localhost:62099}, networkConnectionEnabled: false, pageLoadStrategy: normal, platformName: WINDOWS, proxy: Proxy(), se:cdp: ws://localhost:62099/devtoo..., se:cdpVersion: 104.0.5112.102, setWindowRect: true, strictFileInteractability: false, timeouts: {implicit: 0, pageLoad: 300000, script: 30000}, unhandledPromptBehavior: dismiss and notify, webauthn:extension:credBlob: true, webauthn:extension:largeBlob: true, webauthn:virtualAuthenticators: true}
Session ID: a51c1882e808c9ff64387ed9bf19847d
at org.openqa.selenium.remote.codec.w3c.W3CHttpResponseCodec.createException(W3CHttpResponseCodec.java:200)
at org.openqa.selenium.remote.codec.w3c.W3CHttpResponseCodec.decode(W3CHttpResponseCodec.java:133)
at org.openqa.selenium.remote.codec.w3c.W3CHttpResponseCodec.decode(W3CHttpResponseCodec.java:53)
at org.openqa.selenium.remote.HttpCommandExecutor.execute(HttpCommandExecutor.java:184)
at org.openqa.selenium.remote.service.DriverCommandExecutor.invokeExecute(DriverCommandExecutor.java:167)
at org.openqa.selenium.remote.service.DriverCommandExecutor.execute(DriverCommandExecutor.java:142)
at org.openqa.selenium.remote.RemoteWebDriver.execute(RemoteWebDriver.java:547)
at org.openqa.selenium.remote.ElementLocation$ElementFinder$2.findElement(ElementLocation.java:162)
at org.openqa.selenium.remote.ElementLocation.findElement(ElementLocation.java:66)
at org.openqa.selenium.remote.RemoteWebDriver.findElement(RemoteWebDriver.java:365)
at org.openqa.selenium.remote.RemoteWebDriver.findElement(RemoteWebDriver.java:357)
at org.openqa.selenium.support.decorators.WebDriverDecorator.call(WebDriverDecorator.java:247)
at org.openqa.selenium.support.decorators.DefaultDecorated.call(DefaultDecorated.java:48)
at org.openqa.selenium.support.decorators.WebDriverDecorator.lambda$createProxy$0(WebDriverDecorator.java:309)
at net.bytebuddy.renamed.java.lang.Object$ByteBuddy$W225r5Tr.findElement(Unknown Source)
at org.openqa.selenium.support.pagefactory.DefaultElementLocator.findElement(DefaultElementLocator.java:70)
at org.openqa.selenium.support.pagefactory.internal.LocatingElementHandler.invoke(LocatingElementHandler.java:39)
at com.sun.proxy.$Proxy38.sendKeys(Unknown Source)
at com.app.qa.pages.ContactsPage.CreateNewContact(ContactsPage.java:51)
at com.app.qa.tests.ContactsPageTest.CreateNewContactTest_HardCodedData(ContactsPageTest.java:76)
at java.base/java.util.ArrayList.forEach(ArrayList.java:1541)
... Removed 34 stack frames]]>
    </failure>
  </testcase> <!-- CreateNewContactTest_HardCodedData -->
  <testcase classname="com.app.qa.tests.ContactsPageTest" name="SelectContactsTest" time="0.0">
    <ignored/>
  </testcase> <!-- SelectContactsTest -->
  <testcase classname="com.app.qa.tests.ContactsPageTest" name="VerifyContactsLabelTest" time="0.0">
    <ignored/>
  </testcase> <!-- VerifyContactsLabelTest -->
  <testcase classname="com.app.qa.tests.ContactsPageTest" name="CreateNewContactTest" time="0.0">
    <ignored/>
  </testcase> <!-- CreateNewContactTest -->
</testsuite> <!-- FreeCRM App Test Cases -->
